<?xml version="1.0" encoding="UTF-8"?>
<!-- Generated by org.testng.reporters.JUnitReportReporter -->
<testsuite skipped="11" hostname="Tahmids-MBP.cable.rcn.com" name="testPages.HomePageTest" tests="12" failures="0" timestamp="2022-10-03T18:37:38 EDT" time="11.992" errors="0">
  <testcase name="cookiesSettingTest" time="11.992" classname="testPages.HomePageTest"/>
  <system-out/>
  <testcase name="searchFieldTest" classname="testPages.HomePageTest">
    <skipped/>
  </testcase> <!-- searchFieldTest -->
  <system-out/>
  <testcase name="logoTest" classname="testPages.HomePageTest">
    <skipped/>
  </testcase> <!-- logoTest -->
  <system-out/>
  <testcase name="searchMoviesTest" classname="testPages.HomePageTest">
    <skipped/>
  </testcase> <!-- searchMoviesTest -->
  <system-out/>
  <testcase name="clickRegisterTest" classname="testPages.HomePageTest">
    <skipped/>
  </testcase> <!-- clickRegisterTest -->
  <system-out/>
  <testcase name="makeOneTimePaymentTest" classname="testPages.HomePageTest">
    <skipped/>
  </testcase> <!-- makeOneTimePaymentTest -->
  <system-out/>
  <testcase name="businessSignInTest" classname="testPages.HomePageTest">
    <skipped/>
  </testcase> <!-- businessSignInTest -->
  <system-out/>
  <testcase name="clickWhySupportUsTest" classname="testPages.HomePageTest">
    <skipped/>
  </testcase> <!-- clickWhySupportUsTest -->
  <system-out/>
  <testcase name="signInTest" classname="testPages.HomePageTest">
    <skipped/>
  </testcase> <!-- signInTest -->
  <system-out/>
  <testcase name="forgotYourInfoClickedTest" classname="testPages.HomePageTest">
    <skipped/>
  </testcase> <!-- forgotYourInfoClickedTest -->
  <system-out/>
  <testcase name="cssSelectorIdTest" classname="testPages.HomePageTest">
    <skipped/>
  </testcase> <!-- cssSelectorIdTest -->
  <system-out/>
  <testcase name="signInClickTest" classname="testPages.HomePageTest">
    <skipped/>
  </testcase> <!-- signInClickTest -->
  <system-out/>
</testsuite> <!-- testPages.HomePageTest -->
