<?xml version="1.0" encoding="UTF-8"?>
<!-- Generated by org.testng.reporters.JUnitReportReporter -->
<testsuite skipped="0" hostname="Tahmids-MBP.cable.rcn.com" name="testPages.HomePageTest" tests="2" failures="0" timestamp="2022-09-25T13:11:19 EDT" time="9.813" errors="0">
  <testcase name="logoTest" time="4.721" classname="testPages.HomePageTest"/>
  <system-out/>
  <testcase name="clickPageTest" time="5.092" classname="testPages.HomePageTest"/>
  <system-out/>
</testsuite> <!-- testPages.HomePageTest -->
